This file contains any messages produced by compilers while
running configure, to aid debugging if configure makes a mistake.

It was created by bwa configure 0.5.5, which was
generated by GNU Autoconf 2.61.  Invocation command line was

  $ ./configure 

## --------- ##
## Platform. ##
## --------- ##

hostname = MDs-laptop.local
uname -m = x86_64
uname -r = 10.8.0
uname -s = Darwin
uname -v = Darwin Kernel Version 10.8.0: Tue Jun  7 16:32:41 PDT 2011; root:xnu-1504.15.3~1/RELEASE_X86_64

/usr/bin/uname -p = i386
/bin/uname -X     = unknown

/bin/arch              = unknown
/usr/bin/arch -k       = unknown
/usr/convex/getsysinfo = unknown
/usr/bin/hostinfo      = Mach kernel version:
	 Darwin Kernel Version 10.8.0: Tue Jun  7 16:32:41 PDT 2011; root:xnu-1504.15.3~1/RELEASE_X86_64
Kernel configured for up to 8 processors.
4 processors are physically available.
8 processors are logically available.
Processor type: i486 (Intel 80486)
Processors active: 0 1 2 3 4 5 6 7
Primary memory available: 8.00 gigabytes
Default processor set: 141 tasks, 896 threads, 8 processors
Load average: 0.31, Mach factor: 7.68
/bin/machine           = unknown
/usr/bin/oslevel       = unknown
/bin/universe          = unknown

PATH: /Users/mdijkstra/Documents/work/git/molgenis_apps/modules/compute/demo/demoWorkflow/root/tools/bwa-0.5.8c_patched
PATH: /usr/bin
PATH: /bin
PATH: /usr/sbin
PATH: /sbin
PATH: /usr/local/bin
PATH: /usr/local/git/bin
PATH: /usr/texbin
PATH: /usr/X11/bin
PATH: /opt/local/bin


## ----------- ##
## Core tests. ##
## ----------- ##

configure:1802: checking for a BSD-compatible install
configure:1858: result: /usr/bin/install -c
configure:1869: checking whether build environment is sane
configure:1912: result: yes
configure:1940: checking for a thread-safe mkdir -p
configure:1979: result: ./install-sh -c -d
configure:1992: checking for gawk
configure:2022: result: no
configure:1992: checking for mawk
configure:2022: result: no
configure:1992: checking for nawk
configure:2022: result: no
configure:1992: checking for awk
configure:2008: found /usr/bin/awk
configure:2019: result: awk
configure:2030: checking whether make sets $(MAKE)
configure:2051: result: yes
configure:2295: checking for gcc
configure:2311: found /usr/bin/gcc
configure:2322: result: gcc
configure:2358: checking for C compiler version
configure:2365: gcc --version >&5
i686-apple-darwin10-gcc-4.2.1 (GCC) 4.2.1 (Apple Inc. build 5666) (dot 3)
Copyright (C) 2007 Free Software Foundation, Inc.
This is free software; see the source for copying conditions.  There is NO
warranty; not even for MERCHANTABILITY or FITNESS FOR A PARTICULAR PURPOSE.

configure:2368: $? = 0
configure:2375: gcc -v >&5
Using built-in specs.
Target: i686-apple-darwin10
Configured with: /var/tmp/gcc/gcc-5666.3~6/src/configure --disable-checking --enable-werror --prefix=/usr --mandir=/share/man --enable-languages=c,objc,c++,obj-c++ --program-transform-name=/^[cg][^.-]*$/s/$/-4.2/ --with-slibdir=/usr/lib --build=i686-apple-darwin10 --program-prefix=i686-apple-darwin10- --host=x86_64-apple-darwin10 --target=i686-apple-darwin10 --with-gxx-include-dir=/include/c++/4.2.1
Thread model: posix
gcc version 4.2.1 (Apple Inc. build 5666) (dot 3)
configure:2378: $? = 0
configure:2385: gcc -V >&5
gcc-4.2: argument to `-V' is missing
configure:2388: $? = 1
configure:2411: checking for C compiler default output file name
configure:2438: gcc    conftest.c  >&5
configure:2441: $? = 0
configure:2479: result: a.out
configure:2496: checking whether the C compiler works
configure:2506: ./a.out
configure:2509: $? = 0
configure:2526: result: yes
configure:2533: checking whether we are cross compiling
configure:2535: result: no
configure:2538: checking for suffix of executables
configure:2545: gcc -o conftest    conftest.c  >&5
configure:2548: $? = 0
configure:2572: result: 
configure:2578: checking for suffix of object files
configure:2604: gcc -c   conftest.c >&5
configure:2607: $? = 0
configure:2630: result: o
configure:2634: checking whether we are using the GNU C compiler
configure:2663: gcc -c   conftest.c >&5
configure:2669: $? = 0
configure:2686: result: yes
configure:2691: checking whether gcc accepts -g
configure:2721: gcc -c -g  conftest.c >&5
configure:2727: $? = 0
configure:2826: result: yes
configure:2843: checking for gcc option to accept ISO C89
configure:2917: gcc  -c -g -O2  conftest.c >&5
configure:2923: $? = 0
configure:2946: result: none needed
configure:2975: checking for style of include used by make
configure:3003: result: GNU
configure:3028: checking dependency style of gcc
configure:3119: result: gcc3
configure:3192: checking for g++
configure:3208: found /usr/bin/g++
configure:3219: result: g++
configure:3250: checking for C++ compiler version
configure:3257: g++ --version >&5
i686-apple-darwin10-g++-4.2.1 (GCC) 4.2.1 (Apple Inc. build 5666) (dot 3)
Copyright (C) 2007 Free Software Foundation, Inc.
This is free software; see the source for copying conditions.  There is NO
warranty; not even for MERCHANTABILITY or FITNESS FOR A PARTICULAR PURPOSE.

configure:3260: $? = 0
configure:3267: g++ -v >&5
Using built-in specs.
Target: i686-apple-darwin10
Configured with: /var/tmp/gcc/gcc-5666.3~6/src/configure --disable-checking --enable-werror --prefix=/usr --mandir=/share/man --enable-languages=c,objc,c++,obj-c++ --program-transform-name=/^[cg][^.-]*$/s/$/-4.2/ --with-slibdir=/usr/lib --build=i686-apple-darwin10 --program-prefix=i686-apple-darwin10- --host=x86_64-apple-darwin10 --target=i686-apple-darwin10 --with-gxx-include-dir=/include/c++/4.2.1
Thread model: posix
gcc version 4.2.1 (Apple Inc. build 5666) (dot 3)
configure:3270: $? = 0
configure:3277: g++ -V >&5
g++-4.2: argument to `-V' is missing
configure:3280: $? = 1
configure:3283: checking whether we are using the GNU C++ compiler
configure:3312: g++ -c   conftest.cpp >&5
configure:3318: $? = 0
configure:3335: result: yes
configure:3340: checking whether g++ accepts -g
configure:3370: g++ -c -g  conftest.cpp >&5
configure:3376: $? = 0
configure:3475: result: yes
configure:3500: checking dependency style of g++
configure:3591: result: gcc3
configure:3619: checking for a BSD-compatible install
configure:3675: result: /usr/bin/install -c
configure:3690: checking for gawk
configure:3717: result: awk
configure:3728: checking for a thread-safe mkdir -p
configure:3767: result: ./install-sh -c -d
configure:3813: checking for ranlib
configure:3829: found /usr/bin/ranlib
configure:3840: result: ranlib
configure:3876: checking how to run the C preprocessor
configure:3916: gcc -E  conftest.c
configure:3922: $? = 0
configure:3953: gcc -E  conftest.c
conftest.c:10:28: error: ac_nonexistent.h: No such file or directory
configure:3959: $? = 1
configure: failed program was:
| /* confdefs.h.  */
| #define PACKAGE_NAME "bwa"
| #define PACKAGE_TARNAME "bwa"
| #define PACKAGE_VERSION "0.5.5"
| #define PACKAGE_STRING "bwa 0.5.5"
| #define PACKAGE_BUGREPORT ""
| #define PACKAGE "bwa"
| #define VERSION "0.5.5"
| /* end confdefs.h.  */
| #include <ac_nonexistent.h>
configure:3992: result: gcc -E
configure:4021: gcc -E  conftest.c
configure:4027: $? = 0
configure:4058: gcc -E  conftest.c
conftest.c:10:28: error: ac_nonexistent.h: No such file or directory
configure:4064: $? = 1
configure: failed program was:
| /* confdefs.h.  */
| #define PACKAGE_NAME "bwa"
| #define PACKAGE_TARNAME "bwa"
| #define PACKAGE_VERSION "0.5.5"
| #define PACKAGE_STRING "bwa 0.5.5"
| #define PACKAGE_BUGREPORT ""
| #define PACKAGE "bwa"
| #define VERSION "0.5.5"
| /* end confdefs.h.  */
| #include <ac_nonexistent.h>
configure:4102: checking for grep that handles long lines and -e
configure:4176: result: /usr/bin/grep
configure:4181: checking for egrep
configure:4259: result: /usr/bin/grep -E
configure:4264: checking for ANSI C header files
configure:4294: gcc -c -g -O2  conftest.c >&5
configure:4300: $? = 0
configure:4399: gcc -o conftest -g -O2   conftest.c  >&5
configure:4402: $? = 0
configure:4408: ./conftest
configure:4411: $? = 0
configure:4428: result: yes
configure:4452: checking for sys/types.h
configure:4473: gcc -c -g -O2  conftest.c >&5
configure:4479: $? = 0
configure:4495: result: yes
configure:4452: checking for sys/stat.h
configure:4473: gcc -c -g -O2  conftest.c >&5
configure:4479: $? = 0
configure:4495: result: yes
configure:4452: checking for stdlib.h
configure:4473: gcc -c -g -O2  conftest.c >&5
configure:4479: $? = 0
configure:4495: result: yes
configure:4452: checking for string.h
configure:4473: gcc -c -g -O2  conftest.c >&5
configure:4479: $? = 0
configure:4495: result: yes
configure:4452: checking for memory.h
configure:4473: gcc -c -g -O2  conftest.c >&5
configure:4479: $? = 0
configure:4495: result: yes
configure:4452: checking for strings.h
configure:4473: gcc -c -g -O2  conftest.c >&5
configure:4479: $? = 0
configure:4495: result: yes
configure:4452: checking for inttypes.h
configure:4473: gcc -c -g -O2  conftest.c >&5
configure:4479: $? = 0
configure:4495: result: yes
configure:4452: checking for stdint.h
configure:4473: gcc -c -g -O2  conftest.c >&5
configure:4479: $? = 0
configure:4495: result: yes
configure:4452: checking for unistd.h
configure:4473: gcc -c -g -O2  conftest.c >&5
configure:4479: $? = 0
configure:4495: result: yes
configure:4526: checking limits.h usability
configure:4543: gcc -c -g -O2  conftest.c >&5
configure:4549: $? = 0
configure:4563: result: yes
configure:4567: checking limits.h presence
configure:4582: gcc -E  conftest.c
configure:4588: $? = 0
configure:4602: result: yes
configure:4630: checking for limits.h
configure:4638: result: yes
configure:4516: checking for stdint.h
configure:4522: result: yes
configure:4516: checking for stdlib.h
configure:4522: result: yes
configure:4516: checking for string.h
configure:4522: result: yes
configure:4516: checking for unistd.h
configure:4522: result: yes
configure:4653: checking for an ANSI C-conforming const
configure:4728: gcc -c -g -O2  conftest.c >&5
configure:4734: $? = 0
configure:4749: result: yes
configure:4759: checking for inline
configure:4785: gcc -c -g -O2  conftest.c >&5
configure:4791: $? = 0
configure:4809: result: inline
configure:4829: checking for int32_t
configure:4860: gcc -c -g -O2  conftest.c >&5
configure:4866: $? = 0
configure:4895: gcc -c -g -O2  conftest.c >&5
conftest.c: In function 'main':
conftest.c:62: warning: integer overflow in expression
conftest.c:62: error: size of array 'test_array' is negative
configure:4901: $? = 1
configure: failed program was:
| /* confdefs.h.  */
| #define PACKAGE_NAME "bwa"
| #define PACKAGE_TARNAME "bwa"
| #define PACKAGE_VERSION "0.5.5"
| #define PACKAGE_STRING "bwa 0.5.5"
| #define PACKAGE_BUGREPORT ""
| #define PACKAGE "bwa"
| #define VERSION "0.5.5"
| #define STDC_HEADERS 1
| #define HAVE_SYS_TYPES_H 1
| #define HAVE_SYS_STAT_H 1
| #define HAVE_STDLIB_H 1
| #define HAVE_STRING_H 1
| #define HAVE_MEMORY_H 1
| #define HAVE_STRINGS_H 1
| #define HAVE_INTTYPES_H 1
| #define HAVE_STDINT_H 1
| #define HAVE_UNISTD_H 1
| #define HAVE_LIMITS_H 1
| #define HAVE_STDINT_H 1
| #define HAVE_STDLIB_H 1
| #define HAVE_STRING_H 1
| #define HAVE_UNISTD_H 1
| /* end confdefs.h.  */
| #include <stdio.h>
| #ifdef HAVE_SYS_TYPES_H
| # include <sys/types.h>
| #endif
| #ifdef HAVE_SYS_STAT_H
| # include <sys/stat.h>
| #endif
| #ifdef STDC_HEADERS
| # include <stdlib.h>
| # include <stddef.h>
| #else
| # ifdef HAVE_STDLIB_H
| #  include <stdlib.h>
| # endif
| #endif
| #ifdef HAVE_STRING_H
| # if !defined STDC_HEADERS && defined HAVE_MEMORY_H
| #  include <memory.h>
| # endif
| # include <string.h>
| #endif
| #ifdef HAVE_STRINGS_H
| # include <strings.h>
| #endif
| #ifdef HAVE_INTTYPES_H
| # include <inttypes.h>
| #endif
| #ifdef HAVE_STDINT_H
| # include <stdint.h>
| #endif
| #ifdef HAVE_UNISTD_H
| # include <unistd.h>
| #endif
| int
| main ()
| {
| static int test_array [1 - 2 * !((int32_t) ((((int32_t) 1 << (32 - 2)) - 1) * 2 + 1)
| 	         < (int32_t) ((((int32_t) 1 << (32 - 2)) - 1) * 2 + 2))];
| test_array [0] = 0
| 
|   ;
|   return 0;
| }
configure:4930: result: yes
configure:4943: checking for int64_t
configure:4974: gcc -c -g -O2  conftest.c >&5
configure:4980: $? = 0
configure:5009: gcc -c -g -O2  conftest.c >&5
conftest.c: In function 'main':
conftest.c:62: warning: integer overflow in expression
conftest.c:62: error: size of array 'test_array' is negative
configure:5015: $? = 1
configure: failed program was:
| /* confdefs.h.  */
| #define PACKAGE_NAME "bwa"
| #define PACKAGE_TARNAME "bwa"
| #define PACKAGE_VERSION "0.5.5"
| #define PACKAGE_STRING "bwa 0.5.5"
| #define PACKAGE_BUGREPORT ""
| #define PACKAGE "bwa"
| #define VERSION "0.5.5"
| #define STDC_HEADERS 1
| #define HAVE_SYS_TYPES_H 1
| #define HAVE_SYS_STAT_H 1
| #define HAVE_STDLIB_H 1
| #define HAVE_STRING_H 1
| #define HAVE_MEMORY_H 1
| #define HAVE_STRINGS_H 1
| #define HAVE_INTTYPES_H 1
| #define HAVE_STDINT_H 1
| #define HAVE_UNISTD_H 1
| #define HAVE_LIMITS_H 1
| #define HAVE_STDINT_H 1
| #define HAVE_STDLIB_H 1
| #define HAVE_STRING_H 1
| #define HAVE_UNISTD_H 1
| /* end confdefs.h.  */
| #include <stdio.h>
| #ifdef HAVE_SYS_TYPES_H
| # include <sys/types.h>
| #endif
| #ifdef HAVE_SYS_STAT_H
| # include <sys/stat.h>
| #endif
| #ifdef STDC_HEADERS
| # include <stdlib.h>
| # include <stddef.h>
| #else
| # ifdef HAVE_STDLIB_H
| #  include <stdlib.h>
| # endif
| #endif
| #ifdef HAVE_STRING_H
| # if !defined STDC_HEADERS && defined HAVE_MEMORY_H
| #  include <memory.h>
| # endif
| # include <string.h>
| #endif
| #ifdef HAVE_STRINGS_H
| # include <strings.h>
| #endif
| #ifdef HAVE_INTTYPES_H
| # include <inttypes.h>
| #endif
| #ifdef HAVE_STDINT_H
| # include <stdint.h>
| #endif
| #ifdef HAVE_UNISTD_H
| # include <unistd.h>
| #endif
| int
| main ()
| {
| static int test_array [1 - 2 * !((int64_t) ((((int64_t) 1 << (64 - 2)) - 1) * 2 + 1)
| 	         < (int64_t) ((((int64_t) 1 << (64 - 2)) - 1) * 2 + 2))];
| test_array [0] = 0
| 
|   ;
|   return 0;
| }
configure:5044: result: yes
configure:5056: checking for size_t
configure:5086: gcc -c -g -O2  conftest.c >&5
configure:5092: $? = 0
configure:5107: result: yes
configure:5120: checking for uint16_t
configure:5151: gcc -c -g -O2  conftest.c >&5
configure:5157: $? = 0
configure:5178: result: yes
configure:5192: checking for uint32_t
configure:5223: gcc -c -g -O2  conftest.c >&5
configure:5229: $? = 0
configure:5250: result: yes
configure:5268: checking for uint64_t
configure:5299: gcc -c -g -O2  conftest.c >&5
configure:5305: $? = 0
configure:5326: result: yes
configure:5344: checking for uint8_t
configure:5375: gcc -c -g -O2  conftest.c >&5
configure:5381: $? = 0
configure:5402: result: yes
configure:5426: checking for stdlib.h
configure:5432: result: yes
configure:5561: checking for GNU libc compatible malloc
configure:5595: gcc -o conftest -g -O2   conftest.c  >&5
configure:5598: $? = 0
configure:5604: ./conftest
configure:5607: $? = 0
configure:5623: result: yes
configure:5656: checking for stdlib.h
configure:5662: result: yes
configure:5791: checking for GNU libc compatible realloc
configure:5825: gcc -o conftest -g -O2   conftest.c  >&5
configure:5828: $? = 0
configure:5834: ./conftest
configure:5837: $? = 0
configure:5853: result: yes
configure:5885: checking for vprintf
configure:5941: gcc -o conftest -g -O2   conftest.c  >&5
conftest.c:52: warning: conflicting types for built-in function 'vprintf'
configure:5947: $? = 0
configure:5965: result: yes
configure:5972: checking for _doprnt
configure:6028: gcc -o conftest -g -O2   conftest.c  >&5
Undefined symbols:
  "__doprnt", referenced from:
      _main in ccKvpsFP.o
ld: symbol(s) not found
collect2: ld returned 1 exit status
configure:6034: $? = 1
configure: failed program was:
| /* confdefs.h.  */
| #define PACKAGE_NAME "bwa"
| #define PACKAGE_TARNAME "bwa"
| #define PACKAGE_VERSION "0.5.5"
| #define PACKAGE_STRING "bwa 0.5.5"
| #define PACKAGE_BUGREPORT ""
| #define PACKAGE "bwa"
| #define VERSION "0.5.5"
| #define STDC_HEADERS 1
| #define HAVE_SYS_TYPES_H 1
| #define HAVE_SYS_STAT_H 1
| #define HAVE_STDLIB_H 1
| #define HAVE_STRING_H 1
| #define HAVE_MEMORY_H 1
| #define HAVE_STRINGS_H 1
| #define HAVE_INTTYPES_H 1
| #define HAVE_STDINT_H 1
| #define HAVE_UNISTD_H 1
| #define HAVE_LIMITS_H 1
| #define HAVE_STDINT_H 1
| #define HAVE_STDLIB_H 1
| #define HAVE_STRING_H 1
| #define HAVE_UNISTD_H 1
| #define HAVE_STDLIB_H 1
| #define HAVE_MALLOC 1
| #define HAVE_STDLIB_H 1
| #define HAVE_REALLOC 1
| #define HAVE_VPRINTF 1
| /* end confdefs.h.  */
| /* Define _doprnt to an innocuous variant, in case <limits.h> declares _doprnt.
|    For example, HP-UX 11i <limits.h> declares gettimeofday.  */
| #define _doprnt innocuous__doprnt
| 
| /* System header to define __stub macros and hopefully few prototypes,
|     which can conflict with char _doprnt (); below.
|     Prefer <limits.h> to <assert.h> if __STDC__ is defined, since
|     <limits.h> exists even on freestanding compilers.  */
| 
| #ifdef __STDC__
| # include <limits.h>
| #else
| # include <assert.h>
| #endif
| 
| #undef _doprnt
| 
| /* Override any GCC internal prototype to avoid an error.
|    Use char because int might match the return type of a GCC
|    builtin and then its argument prototype would still apply.  */
| #ifdef __cplusplus
| extern "C"
| #endif
| char _doprnt ();
| /* The GNU C library defines this for functions which it implements
|     to always fail with ENOSYS.  Some functions are actually named
|     something starting with __ and the normal name is an alias.  */
| #if defined __stub__doprnt || defined __stub____doprnt
| choke me
| #endif
| 
| int
| main ()
| {
| return _doprnt ();
|   ;
|   return 0;
| }
configure:6051: result: no
configure:6073: checking for memmove
configure:6129: gcc -o conftest -g -O2   conftest.c  >&5
conftest.c:53: warning: conflicting types for built-in function 'memmove'
configure:6135: $? = 0
configure:6153: result: yes
configure:6073: checking for memset
configure:6129: gcc -o conftest -g -O2   conftest.c  >&5
conftest.c:54: warning: conflicting types for built-in function 'memset'
configure:6135: $? = 0
configure:6153: result: yes
configure:6073: checking for sqrt
configure:6129: gcc -o conftest -g -O2   conftest.c  >&5
conftest.c:55: warning: conflicting types for built-in function 'sqrt'
configure:6135: $? = 0
configure:6153: result: yes
configure:6073: checking for strdup
configure:6129: gcc -o conftest -g -O2   conftest.c  >&5
conftest.c:56: warning: conflicting types for built-in function 'strdup'
configure:6135: $? = 0
configure:6153: result: yes
configure:6073: checking for strstr
configure:6129: gcc -o conftest -g -O2   conftest.c  >&5
conftest.c:57: warning: conflicting types for built-in function 'strstr'
configure:6135: $? = 0
configure:6153: result: yes
configure:6164: checking for log in -lm
configure:6199: gcc -o conftest -g -O2   conftest.c -lm   >&5
conftest.c:42: warning: conflicting types for built-in function 'log'
configure:6205: $? = 0
configure:6223: result: yes
configure:6235: checking for gzopen in -lz
configure:6270: gcc -o conftest -g -O2   conftest.c -lz  -lm  >&5
configure:6276: $? = 0
configure:6294: result: yes
configure:6306: checking for pthread_create in -lpthread
configure:6341: gcc -o conftest -g -O2   conftest.c -lpthread  -lz -lm  >&5
configure:6347: $? = 0
configure:6365: result: yes
configure:6383: checking build system type
configure:6401: result: i386-apple-darwin10.8.0
configure:6423: checking host system type
configure:6438: result: i386-apple-darwin10.8.0
configure:6652: checking for the pthreads library -lpthreads
configure:6695: gcc -o conftest -g -O2    conftest.c -lpthreads -lpthread -lz -lm  >&5
ld: library not found for -lpthreads
collect2: ld returned 1 exit status
configure:6701: $? = 1
configure: failed program was:
| /* confdefs.h.  */
| #define PACKAGE_NAME "bwa"
| #define PACKAGE_TARNAME "bwa"
| #define PACKAGE_VERSION "0.5.5"
| #define PACKAGE_STRING "bwa 0.5.5"
| #define PACKAGE_BUGREPORT ""
| #define PACKAGE "bwa"
| #define VERSION "0.5.5"
| #define STDC_HEADERS 1
| #define HAVE_SYS_TYPES_H 1
| #define HAVE_SYS_STAT_H 1
| #define HAVE_STDLIB_H 1
| #define HAVE_STRING_H 1
| #define HAVE_MEMORY_H 1
| #define HAVE_STRINGS_H 1
| #define HAVE_INTTYPES_H 1
| #define HAVE_STDINT_H 1
| #define HAVE_UNISTD_H 1
| #define HAVE_LIMITS_H 1
| #define HAVE_STDINT_H 1
| #define HAVE_STDLIB_H 1
| #define HAVE_STRING_H 1
| #define HAVE_UNISTD_H 1
| #define HAVE_STDLIB_H 1
| #define HAVE_MALLOC 1
| #define HAVE_STDLIB_H 1
| #define HAVE_REALLOC 1
| #define HAVE_VPRINTF 1
| #define HAVE_MEMMOVE 1
| #define HAVE_MEMSET 1
| #define HAVE_SQRT 1
| #define HAVE_STRDUP 1
| #define HAVE_STRSTR 1
| #define HAVE_LIBM 1
| #define HAVE_LIBZ 1
| #define HAVE_LIBPTHREAD 1
| /* end confdefs.h.  */
| #include <pthread.h>
| int
| main ()
| {
| pthread_t th; pthread_join(th, 0);
|                      pthread_attr_init(0); pthread_cleanup_push(0, 0);
|                      pthread_create(0,0,0,0); pthread_cleanup_pop(0);
|   ;
|   return 0;
| }
configure:6721: result: no
configure:6597: checking whether pthreads work without any flags
configure:6695: gcc -o conftest -g -O2    conftest.c  -lpthread -lz -lm  >&5
configure:6701: $? = 0
configure:6721: result: yes
configure:6740: checking for joinable pthread attribute
configure:6765: gcc -o conftest -g -O2    conftest.c  -lpthread -lz -lm  >&5
configure:6771: $? = 0
configure:6788: result: PTHREAD_CREATE_JOINABLE
configure:6798: checking if more special flags are required for pthreads
configure:6805: result: -D_THREAD_SAFE
configure:7013: creating ./config.status

## ---------------------- ##
## Running config.status. ##
## ---------------------- ##

This file was extended by bwa config.status 0.5.5, which was
generated by GNU Autoconf 2.61.  Invocation command line was

  CONFIG_FILES    = 
  CONFIG_HEADERS  = 
  CONFIG_LINKS    = 
  CONFIG_COMMANDS = 
  $ ./config.status 

on MDs-laptop.local

config.status:658: creating Makefile
config.status:658: creating bwt_gen/Makefile
config.status:658: creating config.h
config.status:949: executing depfiles commands

## ---------------- ##
## Cache variables. ##
## ---------------- ##

ac_cv_build=i386-apple-darwin10.8.0
ac_cv_c_compiler_gnu=yes
ac_cv_c_const=yes
ac_cv_c_inline=inline
ac_cv_c_int32_t=yes
ac_cv_c_int64_t=yes
ac_cv_c_uint16_t=yes
ac_cv_c_uint32_t=yes
ac_cv_c_uint64_t=yes
ac_cv_c_uint8_t=yes
ac_cv_cxx_compiler_gnu=yes
ac_cv_env_CCC_set=
ac_cv_env_CCC_value=
ac_cv_env_CC_set=
ac_cv_env_CC_value=
ac_cv_env_CFLAGS_set=
ac_cv_env_CFLAGS_value=
ac_cv_env_CPPFLAGS_set=
ac_cv_env_CPPFLAGS_value=
ac_cv_env_CPP_set=
ac_cv_env_CPP_value=
ac_cv_env_CXXFLAGS_set=
ac_cv_env_CXXFLAGS_value=
ac_cv_env_CXX_set=
ac_cv_env_CXX_value=
ac_cv_env_LDFLAGS_set=
ac_cv_env_LDFLAGS_value=
ac_cv_env_LIBS_set=
ac_cv_env_LIBS_value=
ac_cv_env_build_alias_set=
ac_cv_env_build_alias_value=
ac_cv_env_host_alias_set=
ac_cv_env_host_alias_value=
ac_cv_env_target_alias_set=
ac_cv_env_target_alias_value=
ac_cv_func__doprnt=no
ac_cv_func_malloc_0_nonnull=yes
ac_cv_func_memmove=yes
ac_cv_func_memset=yes
ac_cv_func_realloc_0_nonnull=yes
ac_cv_func_sqrt=yes
ac_cv_func_strdup=yes
ac_cv_func_strstr=yes
ac_cv_func_vprintf=yes
ac_cv_header_inttypes_h=yes
ac_cv_header_limits_h=yes
ac_cv_header_memory_h=yes
ac_cv_header_stdc=yes
ac_cv_header_stdint_h=yes
ac_cv_header_stdlib_h=yes
ac_cv_header_string_h=yes
ac_cv_header_strings_h=yes
ac_cv_header_sys_stat_h=yes
ac_cv_header_sys_types_h=yes
ac_cv_header_unistd_h=yes
ac_cv_host=i386-apple-darwin10.8.0
ac_cv_lib_m_log=yes
ac_cv_lib_pthread_pthread_create=yes
ac_cv_lib_z_gzopen=yes
ac_cv_objext=o
ac_cv_path_EGREP='/usr/bin/grep -E'
ac_cv_path_GREP=/usr/bin/grep
ac_cv_path_install='/usr/bin/install -c'
ac_cv_prog_AWK=awk
ac_cv_prog_CPP='gcc -E'
ac_cv_prog_ac_ct_CC=gcc
ac_cv_prog_ac_ct_CXX=g++
ac_cv_prog_ac_ct_RANLIB=ranlib
ac_cv_prog_cc_c89=
ac_cv_prog_cc_g=yes
ac_cv_prog_cxx_g=yes
ac_cv_prog_make_make_set=yes
ac_cv_type_size_t=yes
am_cv_CC_dependencies_compiler_type=gcc3
am_cv_CXX_dependencies_compiler_type=gcc3

## ----------------- ##
## Output variables. ##
## ----------------- ##

ACLOCAL='${SHELL} /Users/mdijkstra/Documents/work/git/molgenis_apps/modules/compute/demo/demoWorkflow/root/tools/bwa-0.5.8c_patched/missing --run aclocal-1.10'
AMDEPBACKSLASH='\'
AMDEP_FALSE='#'
AMDEP_TRUE=''
AMTAR='${SHELL} /Users/mdijkstra/Documents/work/git/molgenis_apps/modules/compute/demo/demoWorkflow/root/tools/bwa-0.5.8c_patched/missing --run tar'
AUTOCONF='${SHELL} /Users/mdijkstra/Documents/work/git/molgenis_apps/modules/compute/demo/demoWorkflow/root/tools/bwa-0.5.8c_patched/missing --run autoconf'
AUTOHEADER='${SHELL} /Users/mdijkstra/Documents/work/git/molgenis_apps/modules/compute/demo/demoWorkflow/root/tools/bwa-0.5.8c_patched/missing --run autoheader'
AUTOMAKE='${SHELL} /Users/mdijkstra/Documents/work/git/molgenis_apps/modules/compute/demo/demoWorkflow/root/tools/bwa-0.5.8c_patched/missing --run automake-1.10'
AWK='awk'
CC='gcc'
CCDEPMODE='depmode=gcc3'
CFLAGS='-g -O2'
CPP='gcc -E'
CPPFLAGS=''
CXX='g++'
CXXDEPMODE='depmode=gcc3'
CXXFLAGS='-g -O2'
CYGPATH_W='echo'
DEFS='-DHAVE_CONFIG_H'
DEPDIR='.deps'
ECHO_C='ECHO_N=''
ECHO_T=''
EGREP='/usr/bin/grep -E'
EXEEXT=''
GREP='/usr/bin/grep'
INSTALL_DATA='${INSTALL} -m 644'
INSTALL_PROGRAM='${INSTALL}'
INSTALL_SCRIPT='${INSTALL}'
INSTALL_STRIP_PROGRAM='$(install_sh) -c -s'
LDFLAGS=''
LIBOBJS=''
LIBS='-lpthread -lz -lm '
LTLIBOBJS=''
MAKEINFO='${SHELL} /Users/mdijkstra/Documents/work/git/molgenis_apps/modules/compute/demo/demoWorkflow/root/tools/bwa-0.5.8c_patched/missing --run makeinfo'
OBJEXT='o'
PACKAGE='bwa'
PACKAGE_BUGREPORT=''
PACKAGE_NAME='bwa'
PACKAGE_STRING='bwa 0.5.5'
PACKAGE_TARNAME='bwa'
PACKAGE_VERSION='0.5.5'
PATH_SEPARATOR=':'
PTHREAD_CC='gcc'
PTHREAD_CFLAGS='-D_THREAD_SAFE '
PTHREAD_LIBS=''
RANLIB='ranlib'
SET_MAKE=''
SHELL='/bin/sh'
STRIP=''
VERSION='0.5.5'
ac_ct_CC='gcc'
ac_ct_CXX='g++'
acx_pthread_config=''
am__fastdepCC_FALSE='#'
am__fastdepCC_TRUE=''
am__fastdepCXX_FALSE='#'
am__fastdepCXX_TRUE=''
am__include='include'
am__isrc=''
am__leading_dot='.'
am__quote=''
am__tar='${AMTAR} chof - "$$tardir"'
am__untar='${AMTAR} xf -'
bindir='${exec_prefix}/bin'
build='i386-apple-darwin10.8.0'
build_alias=''
build_cpu='i386'
build_os='darwin10.8.0'
build_vendor='apple'
datadir='${datarootdir}'
datarootdir='${prefix}/share'
docdir='${datarootdir}/doc/${PACKAGE_TARNAME}'
dvidir='${docdir}'
exec_prefix='${prefix}'
host='i386-apple-darwin10.8.0'
host_alias=''
host_cpu='i386'
host_os='darwin10.8.0'
host_vendor='apple'
htmldir='${docdir}'
includedir='${prefix}/include'
infodir='${datarootdir}/info'
install_sh='$(SHELL) /Users/mdijkstra/Documents/work/git/molgenis_apps/modules/compute/demo/demoWorkflow/root/tools/bwa-0.5.8c_patched/install-sh'
libdir='${exec_prefix}/lib'
libexecdir='${exec_prefix}/libexec'
localedir='${datarootdir}/locale'
localstatedir='${prefix}/var'
mandir='${datarootdir}/man'
mkdir_p='$(top_builddir)/./install-sh -c -d'
oldincludedir='/usr/include'
pdfdir='${docdir}'
prefix='/usr/local'
program_transform_name='s,x,x,'
psdir='${docdir}'
sbindir='${exec_prefix}/sbin'
sharedstatedir='${prefix}/com'
sysconfdir='${prefix}/etc'
target_alias=''

## ----------- ##
## confdefs.h. ##
## ----------- ##

#define PACKAGE_NAME "bwa"
#define PACKAGE_TARNAME "bwa"
#define PACKAGE_VERSION "0.5.5"
#define PACKAGE_STRING "bwa 0.5.5"
#define PACKAGE_BUGREPORT ""
#define PACKAGE "bwa"
#define VERSION "0.5.5"
#define STDC_HEADERS 1
#define HAVE_SYS_TYPES_H 1
#define HAVE_SYS_STAT_H 1
#define HAVE_STDLIB_H 1
#define HAVE_STRING_H 1
#define HAVE_MEMORY_H 1
#define HAVE_STRINGS_H 1
#define HAVE_INTTYPES_H 1
#define HAVE_STDINT_H 1
#define HAVE_UNISTD_H 1
#define HAVE_LIMITS_H 1
#define HAVE_STDINT_H 1
#define HAVE_STDLIB_H 1
#define HAVE_STRING_H 1
#define HAVE_UNISTD_H 1
#define HAVE_STDLIB_H 1
#define HAVE_MALLOC 1
#define HAVE_STDLIB_H 1
#define HAVE_REALLOC 1
#define HAVE_VPRINTF 1
#define HAVE_MEMMOVE 1
#define HAVE_MEMSET 1
#define HAVE_SQRT 1
#define HAVE_STRDUP 1
#define HAVE_STRSTR 1
#define HAVE_LIBM 1
#define HAVE_LIBZ 1
#define HAVE_LIBPTHREAD 1
#define HAVE_PTHREAD 1

configure: exit 0

## ---------------------- ##
## Running config.status. ##
## ---------------------- ##

This file was extended by bwa config.status 0.5.5, which was
generated by GNU Autoconf 2.61.  Invocation command line was

  CONFIG_FILES    = 
  CONFIG_HEADERS  = 
  CONFIG_LINKS    = 
  CONFIG_COMMANDS = 
  $ ./config.status config.h

on MDs-laptop.local

config.status:658: creating config.h
config.status:903: config.h is unchanged
